mode: set
github.com/marcsantiago/search_keyword/search/search.go:32.42,34.35 2 1
github.com/marcsantiago/search_keyword/search/search.go:37.2,37.12 1 1
github.com/marcsantiago/search_keyword/search/search.go:34.35,36.3 1 1
github.com/marcsantiago/search_keyword/search/search.go:42.43,44.2 1 1
github.com/marcsantiago/search_keyword/search/search.go:47.44,50.2 2 1
github.com/marcsantiago/search_keyword/search/search.go:65.32,67.2 1 1
github.com/marcsantiago/search_keyword/search/search.go:69.42,71.2 1 1
github.com/marcsantiago/search_keyword/search/search.go:73.37,75.2 1 1
github.com/marcsantiago/search_keyword/search/search.go:91.53,92.15 1 1
github.com/marcsantiago/search_keyword/search/search.go:97.2,98.16 2 1
github.com/marcsantiago/search_keyword/search/search.go:102.2,104.16 3 1
github.com/marcsantiago/search_keyword/search/search.go:108.2,109.20 2 1
github.com/marcsantiago/search_keyword/search/search.go:114.2,114.18 1 1
github.com/marcsantiago/search_keyword/search/search.go:117.2,119.36 2 1
github.com/marcsantiago/search_keyword/search/search.go:123.2,123.36 1 1
github.com/marcsantiago/search_keyword/search/search.go:126.2,126.8 1 1
github.com/marcsantiago/search_keyword/search/search.go:92.15,95.3 2 1
github.com/marcsantiago/search_keyword/search/search.go:98.16,100.3 1 1
github.com/marcsantiago/search_keyword/search/search.go:104.16,106.3 1 1
github.com/marcsantiago/search_keyword/search/search.go:109.20,112.3 2 1
github.com/marcsantiago/search_keyword/search/search.go:114.18,116.3 1 1
github.com/marcsantiago/search_keyword/search/search.go:119.36,121.3 1 1
github.com/marcsantiago/search_keyword/search/search.go:123.36,125.3 1 1
github.com/marcsantiago/search_keyword/search/search.go:130.57,136.2 1 1
github.com/marcsantiago/search_keyword/search/search.go:138.76,143.2 4 1
github.com/marcsantiago/search_keyword/search/search.go:146.60,149.15 2 1
github.com/marcsantiago/search_keyword/search/search.go:151.2,151.16 1 1
github.com/marcsantiago/search_keyword/search/search.go:155.2,156.16 2 1
github.com/marcsantiago/search_keyword/search/search.go:164.2,165.39 2 1
github.com/marcsantiago/search_keyword/search/search.go:171.2,176.16 3 1
github.com/marcsantiago/search_keyword/search/search.go:192.2,200.8 7 1
github.com/marcsantiago/search_keyword/search/search.go:149.15,149.28 1 1
github.com/marcsantiago/search_keyword/search/search.go:151.16,153.3 1 1
github.com/marcsantiago/search_keyword/search/search.go:156.16,157.17 1 1
github.com/marcsantiago/search_keyword/search/search.go:160.3,160.13 1 1
github.com/marcsantiago/search_keyword/search/search.go:157.17,159.4 1 0
github.com/marcsantiago/search_keyword/search/search.go:165.39,167.3 1 1
github.com/marcsantiago/search_keyword/search/search.go:167.3,169.3 1 1
github.com/marcsantiago/search_keyword/search/search.go:176.16,177.17 1 1
github.com/marcsantiago/search_keyword/search/search.go:180.3,180.39 1 1
github.com/marcsantiago/search_keyword/search/search.go:177.17,179.4 1 0
github.com/marcsantiago/search_keyword/search/search.go:180.39,183.18 3 1
github.com/marcsantiago/search_keyword/search/search.go:189.4,189.14 1 1
github.com/marcsantiago/search_keyword/search/search.go:183.18,184.19 1 1
github.com/marcsantiago/search_keyword/search/search.go:187.5,187.39 1 1
github.com/marcsantiago/search_keyword/search/search.go:184.19,186.6 1 0
github.com/marcsantiago/search_keyword/search/search.go:204.83,207.15 2 1
github.com/marcsantiago/search_keyword/search/search.go:209.2,209.16 1 1
github.com/marcsantiago/search_keyword/search/search.go:213.2,214.16 2 1
github.com/marcsantiago/search_keyword/search/search.go:221.2,226.16 3 1
github.com/marcsantiago/search_keyword/search/search.go:242.2,250.8 7 1
github.com/marcsantiago/search_keyword/search/search.go:207.15,207.28 1 1
github.com/marcsantiago/search_keyword/search/search.go:209.16,211.3 1 1
github.com/marcsantiago/search_keyword/search/search.go:214.16,215.17 1 1
github.com/marcsantiago/search_keyword/search/search.go:218.3,218.13 1 1
github.com/marcsantiago/search_keyword/search/search.go:215.17,217.4 1 0
github.com/marcsantiago/search_keyword/search/search.go:226.16,227.17 1 1
github.com/marcsantiago/search_keyword/search/search.go:230.3,230.39 1 1
github.com/marcsantiago/search_keyword/search/search.go:227.17,229.4 1 0
github.com/marcsantiago/search_keyword/search/search.go:230.39,233.18 3 1
github.com/marcsantiago/search_keyword/search/search.go:239.4,239.14 1 1
github.com/marcsantiago/search_keyword/search/search.go:233.18,234.19 1 1
github.com/marcsantiago/search_keyword/search/search.go:237.5,237.39 1 1
github.com/marcsantiago/search_keyword/search/search.go:234.19,236.6 1 0
github.com/marcsantiago/search_keyword/search/search.go:255.57,257.16 2 1
github.com/marcsantiago/search_keyword/search/search.go:263.2,263.32 1 1
github.com/marcsantiago/search_keyword/search/search.go:257.16,258.17 1 0
github.com/marcsantiago/search_keyword/search/search.go:261.3,261.18 1 0
github.com/marcsantiago/search_keyword/search/search.go:258.17,260.4 1 0
github.com/marcsantiago/search_keyword/search/search.go:267.41,269.2 1 1
